Decidi/decidi/android/app/build/outputs/logs/manifest-merger-debug-report.txt
-- Merging decision tree log ---
manifest
ADDED from src/main/AndroidManifest.xml:1:1-54:12
INJECTED from src/main/AndroidManifest.xml:1:1-54:12
INJECTED from src/main/AndroidManifest.xml:1:1-54:12
INJECTED from src/main/AndroidManifest.xml:1:1-54:12
MERGED from src/main/AndroidManifest.xml:1:1-54:12
MERGED from [:shared_preferences_android] AndroidManifest.xml:2:1-7:12
MERGED from [:flutter_braintree] AndroidManifest.xml:2:1-14:12
MERGED from [:image_picker] AndroidManifest.xml:2:1-19:12
MERGED from [:flutter_plugin_android_lifecycle] AndroidManifest.xml:2:1-7:12
MERGED from [:google_ml_kit] AndroidManifest.xml:2:1-7:12
MERGED from [:agora_rtc_engine] AndroidManifest.xml:2:1-23:12
MERGED from [:sqflite] AndroidManifest.xml:2:1-7:12
MERGED from [:url_launcher] AndroidManifest.xml:2:1-14:12
MERGED from [:path_provider_android] AndroidManifest.xml:2:1-7:12
MERGED from [:share] AndroidManifest.xml:2:1-19:12
MERGED from [:permission_handler] AndroidManifest.xml:2:1-7:12
MERGED from [androidx.window:window-java:1.0.0-beta04] AndroidManifest.xml:17:1-23:12
MERGED from [androidx.window:window:1.0.0-beta04] AndroidManifest.xml:17:1-33:12
MERGED from [com.braintreepayments.api:drop-in:5.2.1] AndroidManifest.xml:2:1-29:12
MERGED from [com.google.android.gms:play-services-wallet:16.0.1] AndroidManifest.xml:17:1-22:12
MERGED from [com.braintreepayments.api:braintree:3.15.0] AndroidManifest.xml:2:1-22:12
MERGED from [com.braintreepayments.api:three-d-secure:3.15.0] AndroidManifest.xml:2:1-11:12
MERGED from [com.braintreepayments:card-form:5.1.1] AndroidManifest.xml:2:1-11:12
MERGED from [com.google.android.material:material:1.2.0] AndroidManifest.xml:17:1-24:12
MERGED from [com.paypal.android.sdk:paypal-one-touch:3.15.0] AndroidManifest.xml:2:1-13:12
MERGED from [com.braintreepayments.api:core:3.15.0] AndroidManifest.xml:2:1-11:12
MERGED from [com.braintreepayments:browser-switch:1.1.3] AndroidManifest.xml:2:1-21:12
MERGED from [androidx.appcompat:appcompat:1.2.0] AndroidManifest.xml:17:1-24:12
MERGED from [androidx.constraintlayout:constraintlayout:1.1.3] AndroidManifest.xml:2:1-11:12
MERGED from [com.google.mlkit:barcode-scanning:17.0.0] AndroidManifest.xml:2:1-7:12
MERGED from [com.google.android.gms:play-services-mlkit-barcode-scanning:16.2.1] AndroidManifest.xml:2:1-18:12
MERGED from [com.google.android.gms:play-services-mlkit-image-labeling:16.0.5] AndroidManifest.xml:2:1-17:12
MERGED from [com.google.mlkit:image-labeling-custom:16.3.1] AndroidManifest.xml:2:1-17:12
MERGED from [com.google.mlkit:image-labeling-automl:16.2.1] AndroidManifest.xml:2:1-17:12
MERGED from [com.google.mlkit:object-detection:16.2.7] AndroidManifest.xml:2:1-17:12
MERGED from [com.google.mlkit:object-detection-custom:16.3.3] AndroidManifest.xml:2:1-17:12
MERGED from [com.google.android.gms:play-services-mlkit-face-detection:16.2.0] AndroidManifest.xml:2:1-18:12
MERGED from [com.google.mlkit:image-labeling-default-common:16.0.1] AndroidManifest.xml:2:1-7:12
MERGED from [com.google.mlkit:image-labeling-common:17.1.0] AndroidManifest.xml:2:1-7:12
MERGED from [com.google.mlkit:pose-detection:17.0.1-beta6] AndroidManifest.xml:2:1-9:12
MERGED from [com.google.mlkit:pose-detection-accurate:17.0.1-beta6] AndroidManifest.xml:2:1-9:12
MERGED from [com.google.mlkit:pose-detection-common:17.1.0-beta5] AndroidManifest.xml:2:1-17:12
MERGED from [com.google.mlkit:vision-internal-vkp:18.2.0] AndroidManifest.xml:2:1-17:12
MERGED from [com.google.mlkit:object-detection-common:17.1.0] AndroidManifest.xml:2:1-7:12
MERGED from [com.google.mlkit:text-recognition:16.0.0-beta1] AndroidManifest.xml:2:1-7:12
MERGED from [com.google.mlkit:text-recognition-chinese:16.0.0-beta1] AndroidManifest.xml:2:1-7:12
MERGED from [com.google.mlkit:text-recognition-devanagari:16.0.0-beta1] AndroidManifest.xml:2:1-7:12
MERGED from [com.google.mlkit:text-recognition-japanese:16.0.0-beta1] AndroidManifest.xml:2:1-7:12
MERGED from [com.google.mlkit:text-recognition-korean:16.0.0-beta1] AndroidManifest.xml:2:1-7:12
MERGED from [com.google.mlkit:text-recognition-bundled-common:16.0.0-beta1] AndroidManifest.xml:2:1-7:12
MERGED from [com.google.android.gms:play-services-mlkit-text-recognition:17.0.0] AndroidManifest.xml:2:1-8:12
MERGED from [com.google.android.gms:play-services-mlkit-text-recognition-common:16.0.0] AndroidManifest.xml:2:1-18:12
MERGED from [com.google.mlkit:mediapipe-internal:17.0.0-beta4] AndroidManifest.xml:2:1-8:12
MERGED from [com.google.mlkit:vision-common:16.6.0] AndroidManifest.xml:2:1-18:12
MERGED from [androidx.exifinterface:exifinterface:1.3.0] AndroidManifest.xml:17:1-24:12
MERGED from [com.google.mlkit:translate:16.1.2] AndroidManifest.xml:2:1-23:12
MERGED from [com.google.mlkit:entity-extraction:16.0.0-beta2] AndroidManifest.xml:2:1-20:12
MERGED from [com.google.mlkit:smart-reply:16.2.0] AndroidManifest.xml:17:1-35:12
MERGED from [androidx.viewpager2:viewpager2:1.0.0] AndroidManifest.xml:17:1-24:12
MERGED from [androidx.recyclerview:recyclerview:1.1.0] AndroidManifest.xml:17:1-24:12
MERGED from [com.google.mlkit:language-id:17.0.1] AndroidManifest.xml:2:1-7:12
MERGED from [com.google.mlkit:digital-ink-recognition:17.0.0] AndroidManifest.xml:2:1-21:12
MERGED from [com.google.mlkit:linkfirebase:16.1.1] AndroidManifest.xml:2:1-18:12
MERGED from [com.google.android.gms:play-services-identity:16.0.0] AndroidManifest.xml:17:1-24:12
MERGED from [com.google.android.gms:play-services-maps:16.0.0] AndroidManifest.xml:17:1-32:12
MERGED from [com.google.android.gms:play-services-clearcut:17.0.0] AndroidManifest.xml:17:1-24:12
MERGED from [com.google.android.gms:play-services-mlkit-language-id:16.0.0-beta2] AndroidManifest.xml:2:1-17:12
MERGED from [com.google.mlkit:common:17.4.0] AndroidManifest.xml:2:1-26:12
MERGED from [com.google.android.gms:play-services-phenotype:17.0.0] AndroidManifest.xml:17:1-24:12
MERGED from [com.google.firebase:firebase-iid:20.1.5] AndroidManifest.xml:17:1-47:12
MERGED from [com.google.firebase:firebase-iid-interop:17.0.0] AndroidManifest.xml:2:1-10:12
MERGED from [com.google.android.gms:play-services-base:17.6.0] AndroidManifest.xml:17:1-29:12
MERGED from [com.google.firebase:firebase-installations:16.2.1] AndroidManifest.xml:2:1-23:12
MERGED from [com.google.firebase:firebase-common:19.3.0] AndroidManifest.xml:15:1-39:12
MERGED from [com.google.firebase:firebase-installations-interop:16.0.0] AndroidManifest.xml:15:1-23:12
MERGED from [com.google.android.gms:play-services-tasks:17.2.1] AndroidManifest.xml:2:1-9:12
MERGED from [com.google.android.gms:play-services-stats:17.0.0] AndroidManifest.xml:2:1-9:12
MERGED from [com.google.android.gms:play-services-basement:17.6.0] AndroidManifest.xml:17:1-28:12
MERGED from [androidx.work:work-runtime:2.2.0] AndroidManifest.xml:17:1-125:12
MERGED from [androidx.legacy:legacy-support-core-utils:1.0.0] AndroidManifest.xml:17:1-22:12
MERGED from [androidx.lifecycle:lifecycle-extensions:2.1.0] AndroidManifest.xml:17:1-25:12
MERGED from [androidx.fragment:fragment:1.2.5] AndroidManifest.xml:17:1-24:12
MERGED from [androidx.loader:loader:1.0.0] AndroidManifest.xml:17:1-22:12
MERGED from [androidx.coordinatorlayout:coordinatorlayout:1.1.0] AndroidManifest.xml:17:1-24:12
MERGED from [androidx.drawerlayout:drawerlayout:1.0.0] AndroidManifest.xml:17:1-22:12
MERGED from [androidx.viewpager:viewpager:1.0.0] AndroidManifest.xml:17:1-22:12
MERGED from [androidx.customview:customview:1.0.0] AndroidManifest.xml:17:1-22:12
MERGED from [androidx.transition:transition:1.2.0] AndroidManifest.xml:17:1-24:12
MERGED from [androidx.appcompat:appcompat-resources:1.2.0] AndroidManifest.xml:17:1-24:12
MERGED from [androidx.vectordrawable:vectordrawable-animated:1.1.0] AndroidManifest.xml:17:1-24:12
MERGED from [androidx.vectordrawable:vectordrawable:1.1.0] AndroidManifest.xml:17:1-24:12
MERGED from [androidx.room:room-runtime:2.1.0] AndroidManifest.xml:17:1-30:12
MERGED from [androidx.activity:activity:1.1.0] AndroidManifest.xml:17:1-24:12
MERGED from [androidx.core:core:1.6.0] AndroidManifest.xml:17:1-26:12
MERGED from [androidx.lifecycle:lifecycle-service:2.1.0] AndroidManifest.xml:17:1-22:12
MERGED from [androidx.lifecycle:lifecycle-process:2.1.0] AndroidManifest.xml:17:1-30:12
MERGED from [androidx.lifecycle:lifecycle-runtime:2.2.0] AndroidManifest.xml:17:1-24:12
MERGED from [androidx.lifecycle:lifecycle-livedata:2.1.0] AndroidManifest.xml:17:1-22:12
MERGED from [androidx.lifecycle:lifecycle-viewmodel-savedstate:2.2.0] AndroidManifest.xml:17:1-24:12
MERGED from [androidx.lifecycle:lifecycle-livedata-core:2.2.0] AndroidManifest.xml:17:1-24:12
MERGED from [androidx.savedstate:savedstate:1.0.0] AndroidManifest.xml:17:1-24:12
MERGED from [androidx.tracing:tracing:1.0.0] AndroidManifest.xml:17:1-24:12
MERGED from [androidx.cardview:cardview:1.0.0] AndroidManifest.xml:17:1-22:12
MERGED from [com.google.android.datatransport:transport-backend-cct:2.3.3] AndroidManifest.xml:15:1-38:12
MERGED from [com.google.android.datatransport:transport-runtime:2.2.6] AndroidManifest.xml:15:1-41:12
MERGED from [com.google.android.datatransport:transport-api:2.2.1] AndroidManifest.xml:15:1-22:12
MERGED from [com.google.firebase:firebase-components:16.1.0] AndroidManifest.xml:15:1-23:12
MERGED from [com.google.firebase:firebase-encoders-json:17.1.0] AndroidManifest.xml:15:1-23:12
MERGED from [androidx.versionedparcelable:versionedparcelable:1.1.1] AndroidManifest.xml:17:1-27:12
MERGED from [androidx.arch.core:core-runtime:2.1.0] AndroidManifest.xml:17:1-24:12
MERGED from [androidx.cursoradapter:cursoradapter:1.0.0] AndroidManifest.xml:17:1-22:12
MERGED from [androidx.sqlite:sqlite-framework:2.0.1] AndroidManifest.xml:17:1-22:12
MERGED from [androidx.sqlite:sqlite:2.0.1] AndroidManifest.xml:17:1-22:12
MERGED from [androidx.documentfile:documentfile:1.0.0] AndroidManifest.xml:17:1-22:12
MERGED from [androidx.localbroadcastmanager:localbroadcastmanager:1.0.0] AndroidManifest.xml:17:1-22:12
MERGED from [androidx.print:print:1.0.0] AndroidManifest.xml:17:1-22:12
MERGED from [androidx.interpolator:interpolator:1.0.0] AndroidManifest.xml:17:1-22:12
MERGED from [androidx.lifecycle:lifecycle-viewmodel:2.2.0] AndroidManifest.xml:17:1-24:12
MERGED from [com.github.agorabuilder:native-full-sdk:3.5.2] AndroidManifest.xml:2:1-11:12
MERGED from [com.google.android.odml:image:1.0.0-beta1] AndroidManifest.xml:2:1-9:12
MERGED from [org.tensorflow:tensorflow-lite:2.1.0] AndroidManifest.xml:2:1-10:12
MERGED from [androidx.annotation:annotation-experimental:1.1.0] AndroidManifest.xml:17:1-24:12
MERGED from [com.braintreepayments.api:google-payment:3.3.1] AndroidManifest.xml:2:1-17:12
MERGED from [org.jfrog.cardinalcommerce.gradle:cardinalmobilesdk:2.2.4-1] AndroidManifest.xml:3:1-32:12
MERGED from [com.paypal.android.sdk:data-collector:3.15.0] AndroidManifest.xml:2:1-13:12
INJECTED from src/debug/AndroidManifest.xml:1:1-11:12
INJECTED from src/debug/AndroidManifest.xml:1:1-11:12
INJECTED from src/debug/AndroidManifest.xml:1:1-11:12
	package
		ADDED from src/main/AndroidManifest.xml:2:5-43
		INJECTED from src/main/AndroidManifest.xml
		INJECTED from src/debug/AndroidManifest.xml
	android:versionName
		INJECTED from src/main/AndroidManifest.xml
		ADDED from src/main/AndroidManifest.xml:1:1-54:12
		INJECTED from src/debug/AndroidManifest.xml
	android:versionCode
		INJECTED from src/main/AndroidManifest.xml
		ADDED from src/main/AndroidManifest.xml:1:1-54:12
		INJECTED from src/debug/AndroidManifest.xml
	xmlns:android
		ADDED from src/main/AndroidManifest.xml:1:11-69
application
ADDED from src/main/AndroidManifest.xml:3:4-45:19
MERGED from [:flutter_braintree] AndroidManifest.xml:7:5-12:19
MERGED from [:flutter_braintree] AndroidManifest.xml:7:5-12:19
MERGED from [:image_picker] AndroidManifest.xml:7:5-17:19
MERGED from [:image_picker] AndroidManifest.xml:7:5-17:19
MERGED from [:url_launcher] AndroidManifest.xml:7:5-12:19
MERGED from [:url_launcher] AndroidManifest.xml:7:5-12:19
MERGED from [:share] AndroidManifest.xml:7:5-17:19
MERGED from [:share] AndroidManifest.xml:7:5-17:19
MERGED from [androidx.window:window:1.0.0-beta04] AndroidManifest.xml:24:5-31:19
MERGED from [androidx.window:window:1.0.0-beta04] AndroidManifest.xml:24:5-31:19
MERGED from [com.braintreepayments.api:drop-in:5.2.1] AndroidManifest.xml:15:5-27:19
MERGED from [com.braintreepayments.api:drop-in:5.2.1] AndroidManifest.xml:15:5-27:19
MERGED from [com.braintreepayments.api:braintree:3.15.0] AndroidManifest.xml:16:5-20:19
MERGED from [com.braintreepayments.api:braintree:3.15.0] AndroidManifest.xml:16:5-20:19
MERGED from [com.google.android.material:material:1.2.0] AndroidManifest.xml:22:5-20
MERGED from [com.google.android.material:material:1.2.0] AndroidManifest.xml:22:5-20
MERGED from [androidx.constraintlayout:constraintlayout:1.1.3] AndroidManifest.xml:9:5-20
MERGED from [androidx.constraintlayout:constraintlayout:1.1.3] AndroidManifest.xml:9:5-20
MERGED from [com.google.android.gms:play-services-mlkit-barcode-scanning:16.2.1] AndroidManifest.xml:8:5-16:19
MERGED from [com.google.android.gms:play-services-mlkit-barcode-scanning:16.2.1] AndroidManifest.xml:8:5-16:19
MERGED from [com.google.android.gms:play-services-mlkit-image-labeling:16.0.5] AndroidManifest.xml:7:5-15:19
MERGED from [com.google.android.gms:play-services-mlkit-image-labeling:16.0.5] AndroidManifest.xml:7:5-15:19
MERGED from [com.google.mlkit:image-labeling-custom:16.3.1] AndroidManifest.xml:7:5-15:19
MERGED from [com.google.mlkit:image-labeling-custom:16.3.1] AndroidManifest.xml:7:5-15:19
MERGED from [com.google.mlkit:image-labeling-automl:16.2.1] AndroidManifest.xml:7:5-15:19
MERGED from [com.google.mlkit:image-labeling-automl:16.2.1] AndroidManifest.xml:7:5-15:19
MERGED from [com.google.mlkit:object-detection:16.2.7] AndroidManifest.xml:7:5-15:19
MERGED from [com.google.mlkit:object-detection:16.2.7] AndroidManifest.xml:7:5-15:19
MERGED from [com.google.mlkit:object-detection-custom:16.3.3] AndroidManifest.xml:7:5-15:19
MERGED from [com.google.mlkit:object-detection-custom:16.3.3] AndroidManifest.xml:7:5-15:19
MERGED from [com.google.android.gms:play-services-mlkit-face-detection:16.2.0] AndroidManifest.xml:8:5-16:19
MERGED from [com.google.android.gms:play-services-mlkit-face-detection:16.2.0] AndroidManifest.xml:8:5-16:19
MERGED from [com.google.mlkit:pose-detection:17.0.1-beta6] AndroidManifest.xml:7:5-20
MERGED from [com.google.mlkit:pose-detection:17.0.1-beta6] AndroidManifest.xml:7:5-20
MERGED from [com.google.mlkit:pose-detection-accurate:17.0.1-beta6] AndroidManifest.xml:7:5-20
MERGED from [com.google.mlkit:pose-detection-accurate:17.0.1-beta6] AndroidManifest.xml:7:5-20
MERGED from [com.google.mlkit:pose-detection-common:17.1.0-beta5] AndroidManifest.xml:7:5-15:19
MERGED from [com.google.mlkit:pose-detection-common:17.1.0-beta5] AndroidManifest.xml:7:5-15:19
MERGED from [com.google.mlkit:vision-internal-vkp:18.2.0] AndroidManifest.xml:7:5-15:19
MERGED from [com.google.mlkit:vision-internal-vkp:18.2.0] AndroidManifest.xml:7:5-15:19
MERGED from [com.google.android.gms:play-services-mlkit-text-recognition-common:16.0.0] AndroidManifest.xml:8:5-16:19
MERGED from [com.google.android.gms:play-services-mlkit-text-recognition-common:16.0.0] AndroidManifest.xml:8:5-16:19
MERGED from [com.google.mlkit:vision-common:16.6.0] AndroidManifest.xml:8:5-16:19
MERGED from [com.google.mlkit:vision-common:16.6.0] AndroidManifest.xml:8:5-16:19
MERGED from [com.google.mlkit:translate:16.1.2] AndroidManifest.xml:10:5-21:19
MERGED from [com.google.mlkit:translate:16.1.2] AndroidManifest.xml:10:5-21:19
MERGED from [com.google.mlkit:entity-extraction:16.0.0-beta2] AndroidManifest.xml:10:5-18:19
MERGED from [com.google.mlkit:entity-extraction:16.0.0-beta2] AndroidManifest.xml:10:5-18:19
MERGED from [com.google.mlkit:smart-reply:16.2.0] AndroidManifest.xml:22:5-33:19
MERGED from [com.google.mlkit:smart-reply:16.2.0] AndroidManifest.xml:22:5-33:19
MERGED from [com.google.mlkit:digital-ink-recognition:17.0.0] AndroidManifest.xml:11:5-19:19
MERGED from [com.google.mlkit:digital-ink-recognition:17.0.0] AndroidManifest.xml:11:5-19:19
MERGED from [com.google.mlkit:linkfirebase:16.1.1] AndroidManifest.xml:8:5-16:19
MERGED from [com.google.mlkit:linkfirebase:16.1.1] AndroidManifest.xml:8:5-16:19
MERGED from [com.google.android.gms:play-services-identity:16.0.0] AndroidManifest.xml:22:5-20
MERGED from [com.google.android.gms:play-services-identity:16.0.0] AndroidManifest.xml:22:5-20
MERGED from [com.google.android.gms:play-services-maps:16.0.0] AndroidManifest.xml:30:5-20
MERGED from [com.google.android.gms:play-services-maps:16.0.0] AndroidManifest.xml:30:5-20
MERGED from [com.google.android.gms:play-services-clearcut:17.0.0] AndroidManifest.xml:22:5-20
MERGED from [com.google.android.gms:play-services-clearcut:17.0.0] AndroidManifest.xml:22:5-20
MERGED from [com.google.android.gms:play-services-mlkit-language-id:16.0.0-beta2] AndroidManifest.xml:7:5-15:19
MERGED from [com.google.android.gms:play-services-mlkit-language-id:16.0.0-beta2] AndroidManifest.xml:7:5-15:19
MERGED from [com.google.mlkit:common:17.4.0] AndroidManifest.xml:8:5-24:19
MERGED from [com.google.mlkit:common:17.4.0] AndroidManifest.xml:8:5-24:19
MERGED from [com.google.android.gms:play-services-phenotype:17.0.0] AndroidManifest.xml:22:5-20
MERGED from [com.google.android.gms:play-services-phenotype:17.0.0] AndroidManifest.xml:22:5-20
MERGED from [com.google.firebase:firebase-iid:20.1.5] AndroidManifest.xml:28:5-45:19
MERGED from [com.google.firebase:firebase-iid:20.1.5] AndroidManifest.xml:28:5-45:19
MERGED from [com.google.firebase:firebase-iid-interop:17.0.0] AndroidManifest.xml:7:5-8:19
MERGED from [com.google.firebase:firebase-iid-interop:17.0.0] AndroidManifest.xml:7:5-8:19
MERGED from [com.google.android.gms:play-services-base:17.6.0] AndroidManifest.xml:22:5-27:19
MERGED from [com.google.android.gms:play-services-base:17.6.0] AndroidManifest.xml:22:5-27:19
MERGED from [com.google.firebase:firebase-installations:16.2.1] AndroidManifest.xml:13:5-21:19
MERGED from [com.google.firebase:firebase-installations:16.2.1] AndroidManifest.xml:13:5-21:19
MERGED from [com.google.firebase:firebase-common:19.3.0] AndroidManifest.xml:25:5-37:19
MERGED from [com.google.firebase:firebase-common:19.3.0] AndroidManifest.xml:25:5-37:19
MERGED from [com.google.android.gms:play-services-tasks:17.2.1] AndroidManifest.xml:7:5-20
MERGED from [com.google.android.gms:play-services-tasks:17.2.1] AndroidManifest.xml:7:5-20
MERGED from [com.google.android.gms:play-services-stats:17.0.0] AndroidManifest.xml:7:5-20
MERGED from [com.google.android.gms:play-services-stats:17.0.0] AndroidManifest.xml:7:5-20
MERGED from [com.google.android.gms:play-services-basement:17.6.0] AndroidManifest.xml:22:5-26:19
MERGED from [com.google.android.gms:play-services-basement:17.6.0] AndroidManifest.xml:22:5-26:19
MERGED from [androidx.work:work-runtime:2.2.0] AndroidManifest.xml:29:5-123:19
MERGED from [androidx.work:work-runtime:2.2.0] AndroidManifest.xml:29:5-123:19
MERGED from [androidx.lifecycle:lifecycle-extensions:2.1.0] AndroidManifest.xml:22:5-23:19
MERGED from [androidx.lifecycle:lifecycle-extensions:2.1.0] AndroidManifest.xml:22:5-23:19
MERGED from [androidx.room:room-runtime:2.1.0] AndroidManifest.xml:24:5-28:19
MERGED from [androidx.room:room-runtime:2.1.0] AndroidManifest.xml:24:5-28:19
MERGED from [androidx.core:core:1.6.0] AndroidManifest.xml:24:5-89
MERGED from [androidx.core:core:1.6.0] AndroidManifest.xml:24:5-89
MERGED from [androidx.lifecycle:lifecycle-process:2.1.0] AndroidManifest.xml:22:5-28:19
MERGED from [androidx.lifecycle:lifecycle-process:2.1.0] AndroidManifest.xml:22:5-28:19
MERGED from [com.google.android.datatransport:transport-backend-cct:2.3.3] AndroidManifest.xml:28:5-36:19
MERGED from [com.google.android.datatransport:transport-backend-cct:2.3.3] AndroidManifest.xml:28:5-36:19
MERGED from [com.google.android.datatransport:transport-runtime:2.2.6] AndroidManifest.xml:25:5-39:19
MERGED from [com.google.android.datatransport:transport-runtime:2.2.6] AndroidManifest.xml:25:5-39:19
MERGED from [androidx.versionedparcelable:versionedparcelable:1.1.1] AndroidManifest.xml:24:5-25:19
MERGED from [androidx.versionedparcelable:versionedparcelable:1.1.1] AndroidManifest.xml:24:5-25:19
MERGED from [com.google.android.odml:image:1.0.0-beta1] AndroidManifest.xml:7:5-20
MERGED from [com.google.android.odml:image:1.0.0-beta1] AndroidManifest.xml:7:5-20
MERGED from [org.tensorflow:tensorflow-lite:2.1.0] AndroidManifest.xml:8:5-20
MERGED from [org.tensorflow:tensorflow-lite:2.1.0] AndroidManifest.xml:8:5-20
MERGED from [com.braintreepayments.api:google-payment:3.3.1] AndroidManifest.xml:11:5-15:19
MERGED from [com.braintreepayments.api:google-payment:3.3.1] AndroidManifest.xml:11:5-15:19
MERGED from [org.jfrog.cardinalcommerce.gradle:cardinalmobilesdk:2.2.4-1] AndroidManifest.xml:14:5-30:19
MERGED from [org.jfrog.cardinalcommerce.gradle:cardinalmobilesdk:2.2.4-1] AndroidManifest.xml:14:5-30:19
	android:appComponentFactory
		ADDED from [androidx.core:core:1.6.0] AndroidManifest.xml:24:18-86
	android:supportsRtl
		ADDED from [com.braintreepayments.api:drop-in:5.2.1] AndroidManifest.xml:16:9-35
	android:label
		ADDED from src/main/AndroidManifest.xml:4:9-31
		REJECTED from [org.jfrog.cardinalcommerce.gradle:cardinalmobilesdk:2.2.4-1] AndroidManifest.xml:15:9-41
	xmlns:tools
		ADDED from src/main/AndroidManifest.xml:7:9-55
	tools:ignore
		ADDED from [com.braintreepayments.api:drop-in:5.2.1] AndroidManifest.xml:17:9-39
	android:icon
		ADDED from src/main/AndroidManifest.xml:6:9-43
	tools:replace
		ADDED from src/main/AndroidManifest.xml:8:9-38
	android:usesCleartextTraffic
		ADDED from src/main/AndroidManifest.xml:5:9-44
activity#com.sangvaleap.online_course.MainActivity
ADDED from src/main/AndroidManifest.xml:10:9-39:20
	android:launchMode
		ADDED from src/main/AndroidManifest.xml:13:13-43
	android:hardwareAccelerated
		ADDED from src/main/AndroidManifest.xml:16:13-47
	android:windowSoftInputMode
		ADDED from src/main/AndroidManifest.xml:17:13-55
	android:exported
		ADDED from src/main/AndroidManifest.xml:12:13-36
	android:configChanges
		ADDED from src/main/AndroidManifest.xml:15:13-163
	android:theme
		ADDED from src/main/AndroidManifest.xml:14:13-47
	android:name
		ADDED from src/main/AndroidManifest.xml:11:13-41
meta-data#io.flutter.embedding.android.NormalTheme
ADDED from src/main/AndroidManifest.xml:22:13-25:17
	android:resource
		ADDED from src/main/AndroidManifest.xml:24:15-52
	android:name
		ADDED from src/main/AndroidManifest.xml:23:15-70
meta-data#io.flutter.embedding.android.SplashScreenDrawable
ADDED from src/main/AndroidManifest.xml:31:13-34:17
	android:resource
		ADDED from src/main/AndroidManifest.xml:33:15-61
	android:name
		ADDED from src/main/AndroidManifest.xml:32:15-79
intent-filter#action:name:android.intent.action.MAIN+category:name:android.intent.category.LAUNCHER
ADDED from src/main/AndroidManifest.xml:35:13-38:29
action#android.intent.action.MAIN
ADDED from src/main/AndroidManifest.xml:36:17-68
	android:name
		ADDED from src/main/AndroidManifest.xml:36:25-66
category#android.intent.category.LAUNCHER
ADDED from src/main/AndroidManifest.xml:37:17-76
	android:name
		ADDED from src/main/AndroidManifest.xml:37:27-74
meta-data#flutterEmbedding
ADDED from src/main/AndroidManifest.xml:42:9-44:33
	android:value
		ADDED from src/main/AndroidManifest.xml:44:13-30
	android:name
		ADDED from src/main/AndroidManifest.xml:43:13-44
uses-permission#android.permission.READ_PHONE_STATE
ADDED from src/main/AndroidManifest.xml:46:5-75
MERGED from [:agora_rtc_engine] AndroidManifest.xml:10:5-75
MERGED from [:agora_rtc_engine] AndroidManifest.xml:10:5-75
	android:name
		ADDED from src/main/AndroidManifest.xml:46:23-73
uses-permission#android.permission.INTERNET
ADDED from src/main/AndroidManifest.xml:47:5-69
MERGED from src/main/AndroidManifest.xml:47:5-69
MERGED from src/main/AndroidManifest.xml:47:5-69
MERGED from [:agora_rtc_engine] AndroidManifest.xml:11:5-67
MERGED from [:agora_rtc_engine] AndroidManifest.xml:11:5-67
MERGED from [com.braintreepayments.api:drop-in:5.2.1] AndroidManifest.xml:13:5-67
MERGED from [com.braintreepayments.api:drop-in:5.2.1] AndroidManifest.xml:13:5-67
MERGED from [com.braintreepayments.api:braintree:3.15.0] AndroidManifest.xml:14:5-67
MERGED from [com.braintreepayments.api:braintree:3.15.0] AndroidManifest.xml:14:5-67
MERGED from [com.paypal.android.sdk:paypal-one-touch:3.15.0] AndroidManifest.xml:11:5-67
MERGED from [com.paypal.android.sdk:paypal-one-touch:3.15.0] AndroidManifest.xml:11:5-67
MERGED from [com.google.mlkit:translate:16.1.2] AndroidManifest.xml:8:5-67
MERGED from [com.google.mlkit:translate:16.1.2] AndroidManifest.xml:8:5-67
MERGED from [com.google.mlkit:entity-extraction:16.0.0-beta2] AndroidManifest.xml:8:5-67
MERGED from [com.google.mlkit:entity-extraction:16.0.0-beta2] AndroidManifest.xml:8:5-67
MERGED from [com.google.mlkit:digital-ink-recognition:17.0.0] AndroidManifest.xml:9:5-67
MERGED from [com.google.mlkit:digital-ink-recognition:17.0.0] AndroidManifest.xml:9:5-67
MERGED from [com.google.android.gms:play-services-maps:16.0.0] AndroidManifest.xml:24:5-67
MERGED from [com.google.android.gms:play-services-maps:16.0.0] AndroidManifest.xml:24:5-67
MERGED from [com.google.firebase:firebase-iid:20.1.5] AndroidManifest.xml:23:5-67
MERGED from [com.google.firebase:firebase-iid:20.1.5] AndroidManifest.xml:23:5-67
MERGED from [com.google.firebase:firebase-installations:16.2.1] AndroidManifest.xml:11:5-67
MERGED from [com.google.firebase:firebase-installations:16.2.1] AndroidManifest.xml:11:5-67
MERGED from [com.google.android.datatransport:transport-backend-cct:2.3.3] AndroidManifest.xml:26:5-67
MERGED from [com.google.android.datatransport:transport-backend-cct:2.3.3] AndroidManifest.xml:26:5-67
MERGED from [org.jfrog.cardinalcommerce.gradle:cardinalmobilesdk:2.2.4-1] AndroidManifest.xml:12:5-67
MERGED from [org.jfrog.cardinalcommerce.gradle:cardinalmobilesdk:2.2.4-1] AndroidManifest.xml:12:5-67
MERGED from [com.paypal.android.sdk:data-collector:3.15.0] AndroidManifest.xml:11:5-67
MERGED from [com.paypal.android.sdk:data-collector:3.15.0] AndroidManifest.xml:11:5-67
	android:name
		ADDED from src/main/AndroidManifest.xml:47:23-65
uses-permission#android.permission.RECORD_AUDIO
ADDED from src/main/AndroidManifest.xml:48:5-73
MERGED from [:agora_rtc_engine] AndroidManifest.xml:12:5-71
MERGED from [:agora_rtc_engine] AndroidManifest.xml:12:5-71
	android:name
		ADDED from src/main/AndroidManifest.xml:48:23-69
uses-permission#android.permission.CAMERA
ADDED from src/main/AndroidManifest.xml:49:5-67
MERGED from [:agora_rtc_engine] AndroidManifest.xml:13:5-65
MERGED from [:agora_rtc_engine] AndroidManifest.xml:13:5-65
	android:name
		ADDED from src/main/AndroidManifest.xml:49:23-63
uses-permission#android.permission.MODIFY_AUDIO_SETTINGS
ADDED from src/main/AndroidManifest.xml:50:5-82
MERGED from [:agora_rtc_engine] AndroidManifest.xml:14:5-80
MERGED from [:agora_rtc_engine] AndroidManifest.xml:14:5-80
	android:name
		ADDED from src/main/AndroidManifest.xml:50:23-78
uses-permission#android.permission.ACCESS_NETWORK_STATE
ADDED from src/main/AndroidManifest.xml:51:5-81
MERGED from [:agora_rtc_engine] AndroidManifest.xml:15:5-79
MERGED from [:agora_rtc_engine] AndroidManifest.xml:15:5-79
MERGED from [com.braintreepayments.api:drop-in:5.2.1] AndroidManifest.xml:12:5-79
MERGED from [com.braintreepayments.api:drop-in:5.2.1] AndroidManifest.xml:12:5-79
MERGED from [com.braintreepayments.api:braintree:3.15.0] AndroidManifest.xml:13:5-79
MERGED from [com.braintreepayments.api:braintree:3.15.0] AndroidManifest.xml:13:5-79
MERGED from [com.google.mlkit:translate:16.1.2] AndroidManifest.xml:7:5-79
MERGED from [com.google.mlkit:translate:16.1.2] AndroidManifest.xml:7:5-79
MERGED from [com.google.mlkit:entity-extraction:16.0.0-beta2] AndroidManifest.xml:7:5-79
MERGED from [com.google.mlkit:entity-extraction:16.0.0-beta2] AndroidManifest.xml:7:5-79
MERGED from [com.google.mlkit:digital-ink-recognition:17.0.0] AndroidManifest.xml:8:5-79
MERGED from [com.google.mlkit:digital-ink-recognition:17.0.0] AndroidManifest.xml:8:5-79
MERGED from [com.google.android.gms:play-services-maps:16.0.0] AndroidManifest.xml:23:5-79
MERGED from [com.google.android.gms:play-services-maps:16.0.0] AndroidManifest.xml:23:5-79
MERGED from [com.google.firebase:firebase-iid:20.1.5] AndroidManifest.xml:22:5-79
MERGED from [com.google.firebase:firebase-iid:20.1.5] AndroidManifest.xml:22:5-79
MERGED from [com.google.firebase:firebase-installations:16.2.1] AndroidManifest.xml:10:5-79
MERGED from [com.google.firebase:firebase-installations:16.2.1] AndroidManifest.xml:10:5-79
MERGED from [androidx.work:work-runtime:2.2.0] AndroidManifest.xml:26:5-79
MERGED from [androidx.work:work-runtime:2.2.0] AndroidManifest.xml:26:5-79
MERGED from [com.google.android.datatransport:transport-backend-cct:2.3.3] AndroidManifest.xml:25:5-79
MERGED from [com.google.android.datatransport:transport-backend-cct:2.3.3] AndroidManifest.xml:25:5-79
MERGED from [com.google.android.datatransport:transport-runtime:2.2.6] AndroidManifest.xml:22:5-79
MERGED from [com.google.android.datatransport:transport-runtime:2.2.6] AndroidManifest.xml:22:5-79
	android:name
		ADDED from src/main/AndroidManifest.xml:51:23-77
uses-permission#android.permission.BLUETOOTH
ADDED from src/main/AndroidManifest.xml:53:5-70
MERGED from [:agora_rtc_engine] AndroidManifest.xml:16:5-68
MERGED from [:agora_rtc_engine] AndroidManifest.xml:16:5-68
	android:name
		ADDED from src/main/AndroidManifest.xml:53:23-66
uses-sdk
INJECTED from src/main/AndroidManifest.xml reason: use-sdk injection requested
INJECTED from src/main/AndroidManifest.xml
INJECTED from src/main/AndroidManifest.xml
MERGED from [:shared_preferences_android] AndroidManifest.xml:5:5-44
MERGED from [:shared_preferences_android] AndroidManifest.xml:5:5-44
MERGED from [:flutter_braintree] AndroidManifest.xml:5:5-44